\BOOKMARK [0][-]{Doc-Start}{\376\377\000A\000b\000s\000t\000r\000a\000c\000t}{}% 1
\BOOKMARK [0][-]{chapter.1}{\376\377\000I\000n\000t\000r\000o\000d\000u\000c\000t\000i\000o\000n}{}% 2
\BOOKMARK [1][-]{section.1.1}{\376\377\000B\000a\000c\000k\000g\000r\000o\000u\000n\000d}{chapter.1}% 3
\BOOKMARK [1][-]{section.1.2}{\376\377\000R\000e\000s\000e\000a\000r\000c\000h\000\040\000O\000b\000j\000e\000c\000t\000i\000v\000e\000s}{chapter.1}% 4
\BOOKMARK [2][-]{subsection.1.2.1}{\376\377\000R\000e\000s\000e\000a\000r\000c\000h\000\040\000Q\000u\000e\000s\000t\000i\000o\000n\000s\000\040\000a\000n\000d\000\040\000H\000y\000p\000o\000t\000h\000e\000s\000e\000s}{section.1.2}% 5
\BOOKMARK [2][-]{subsection.1.2.2}{\376\377\000P\000l\000a\000n\000n\000e\000d\000\040\000E\000v\000a\000l\000u\000a\000t\000i\000o\000n\000\040\000\050\000D\000a\000t\000a\000s\000e\000t\000s\000\040\000\046\000\040\000M\000e\000t\000r\000i\000c\000s\000\051}{section.1.2}% 6
\BOOKMARK [0][-]{chapter.2}{\376\377\000L\000i\000t\000e\000r\000a\000t\000u\000r\000e\000\040\000R\000e\000v\000i\000e\000w}{}% 7
\BOOKMARK [1][-]{section.2.1}{\376\377\000T\000r\000a\000i\000n\000i\000n\000g\000\040\000S\000u\000i\000t\000a\000b\000i\000l\000i\000t\000y\000\040\000a\000n\000d\000\040\000S\000e\000g\000m\000e\000n\000t\000a\000t\000i\000o\000n\000\040\000A\000l\000g\000o\000r\000i\000t\000h\000m\000\040\000D\000e\000s\000i\000g\000n\000\040\000a\000n\000d\000\040\000A\000n\000a\000l\000y\000s\000i\000s}{chapter.2}% 8
\BOOKMARK [2][-]{subsection.2.1.1}{\376\377\000R\000e\000s\000e\000a\000r\000c\000h\000\040\000O\000b\000j\000e\000c\000t\000i\000v\000e\000s}{section.2.1}% 9
\BOOKMARK [2][-]{subsection.2.1.2}{\376\377\000A\000l\000g\000o\000r\000i\000t\000h\000m\000i\000c\000\040\000A\000p\000p\000r\000o\000a\000c\000h\000e\000s\000\040\000t\000o\000\040\000S\000e\000g\000m\000e\000n\000t\000a\000t\000i\000o\000n\000\040\000a\000n\000d\000\040\000C\000a\000t\000e\000g\000o\000r\000i\000z\000a\000t\000i\000o\000n}{section.2.1}% 10
\BOOKMARK [2][-]{subsection.2.1.3}{\376\377\000A\000p\000p\000l\000i\000c\000a\000t\000i\000o\000n\000s\000\040\000i\000n\000\040\000C\000y\000c\000l\000i\000s\000t\000\040\000R\000o\000u\000t\000e\000\040\000P\000l\000a\000n\000n\000i\000n\000g}{section.2.1}% 11
\BOOKMARK [2][-]{subsection.2.1.4}{\376\377\000M\000e\000t\000h\000o\000d\000o\000l\000o\000g\000i\000c\000a\000l\000\040\000C\000o\000n\000s\000i\000d\000e\000r\000a\000t\000i\000o\000n\000s\000\040\000a\000n\000d\000\040\000A\000s\000s\000u\000m\000p\000t\000i\000o\000n\000s}{section.2.1}% 12
\BOOKMARK [1][-]{section.2.2}{\376\377\000T\000r\000a\000i\000n\000i\000n\000g\000\040\000S\000u\000i\000t\000a\000b\000i\000l\000i\000t\000y\000\040\000S\000c\000o\000r\000i\000n\000g}{chapter.2}% 13
\BOOKMARK [2][-]{subsection.2.2.1}{\376\377\000R\000e\000s\000e\000a\000r\000c\000h\000\040\000O\000b\000j\000e\000c\000t\000i\000v\000e\000s}{section.2.2}% 14
\BOOKMARK [2][-]{subsection.2.2.2}{\376\377\000A\000p\000p\000r\000o\000a\000c\000h\000e\000s\000\040\000t\000o\000\040\000S\000u\000i\000t\000a\000b\000i\000l\000i\000t\000y\000\040\000S\000c\000o\000r\000i\000n\000g}{section.2.2}% 15
\BOOKMARK [2][-]{subsection.2.2.3}{\376\377\000A\000p\000p\000l\000i\000c\000a\000t\000i\000o\000n\000s\000\040\000i\000n\000\040\000T\000r\000a\000i\000n\000i\000n\000g\000\040\000S\000u\000i\000t\000a\000b\000i\000l\000i\000t\000y\000\040\000S\000c\000o\000r\000i\000n\000g}{section.2.2}% 16
\BOOKMARK [2][-]{subsection.2.2.4}{\376\377\000M\000e\000t\000h\000o\000d\000o\000l\000o\000g\000i\000c\000a\000l\000\040\000C\000o\000n\000s\000i\000d\000e\000r\000a\000t\000i\000o\000n\000s\000\040\000a\000n\000d\000\040\000A\000s\000s\000u\000m\000p\000t\000i\000o\000n\000s}{section.2.2}% 17
\BOOKMARK [1][-]{section.2.3}{\376\377\000L\000S\000E\000P\000I\000\040\000A\000n\000a\000l\000y\000s\000i\000s}{chapter.2}% 18
\BOOKMARK [2][-]{subsection.2.3.1}{\376\377\000L\000e\000g\000a\000l}{section.2.3}% 19
\BOOKMARK [2][-]{subsection.2.3.2}{\376\377\000S\000o\000c\000i\000a\000l}{section.2.3}% 20
\BOOKMARK [2][-]{subsection.2.3.3}{\376\377\000E\000t\000h\000i\000c\000a\000l}{section.2.3}% 21
\BOOKMARK [2][-]{subsection.2.3.4}{\376\377\000P\000o\000l\000i\000t\000i\000c\000a\000l}{section.2.3}% 22
\BOOKMARK [0][-]{chapter.3}{\376\377\000R\000e\000q\000u\000i\000r\000e\000m\000e\000n\000t\000s}{}% 23
\BOOKMARK [1][-]{section.3.1}{\376\377\000S\000o\000f\000t\000w\000a\000r\000e\000\040\000R\000e\000q\000u\000i\000r\000e\000m\000e\000n\000t\000s\000\040\000S\000p\000e\000c\000i\000f\000i\000c\000a\000t\000i\000o\000n\000\040\000\050\000S\000R\000S\000\051}{chapter.3}% 24
\BOOKMARK [2][-]{subsection.3.1.1}{\376\377\000P\000u\000r\000p\000o\000s\000e\000\040\000a\000n\000d\000\040\000S\000c\000o\000p\000e}{section.3.1}% 25
\BOOKMARK [2][-]{subsection.3.1.2}{\376\377\000I\000n\000t\000e\000n\000d\000e\000d\000\040\000A\000u\000d\000i\000e\000n\000c\000e\000\040\000a\000n\000d\000\040\000R\000e\000a\000d\000i\000n\000g\000\040\000S\000u\000g\000g\000e\000s\000t\000i\000o\000n\000s}{section.3.1}% 26
\BOOKMARK [2][-]{subsection.3.1.3}{\376\377\000O\000v\000e\000r\000a\000l\000l\000\040\000D\000e\000s\000c\000r\000i\000p\000t\000i\000o\000n}{section.3.1}% 27
\BOOKMARK [2][-]{subsection.3.1.4}{\376\377\000S\000p\000e\000c\000i\000f\000i\000c\000\040\000R\000e\000q\000u\000i\000r\000e\000m\000e\000n\000t\000s}{section.3.1}% 28
\BOOKMARK [1][-]{section.3.2}{\376\377\000S\000t\000a\000n\000d\000a\000r\000d\000s\000\040\000a\000n\000d\000\040\000C\000o\000m\000p\000l\000i\000a\000n\000c\000e}{chapter.3}% 29
\BOOKMARK [0][-]{chapter.4}{\376\377\000I\000m\000p\000l\000e\000m\000e\000n\000t\000a\000t\000i\000o\000n}{}% 30
\BOOKMARK [0][-]{chapter.5}{\376\377\000D\000e\000s\000i\000g\000n}{}% 31
\BOOKMARK [1][-]{section.5.1}{\376\377\000S\000c\000o\000p\000e\000\040\000a\000n\000d\000\040\000P\000u\000r\000p\000o\000s\000e}{chapter.5}% 32
\BOOKMARK [1][-]{section.5.2}{\376\377\000A\000r\000c\000h\000i\000t\000e\000c\000t\000u\000r\000a\000l\000\040\000D\000e\000s\000i\000g\000n}{chapter.5}% 33
\BOOKMARK [2][-]{subsection.5.2.1}{\376\377\000A\000r\000c\000h\000i\000t\000e\000c\000t\000u\000r\000a\000l\000\040\000V\000i\000e\000w\000s}{section.5.2}% 34
\BOOKMARK [2][-]{subsection.5.2.2}{\376\377\000D\000e\000s\000i\000g\000n\000\040\000R\000a\000t\000i\000o\000n\000a\000l\000e}{section.5.2}% 35
\BOOKMARK [2][-]{subsection.5.2.3}{\376\377\000D\000e\000s\000i\000g\000n\000\040\000P\000a\000t\000t\000e\000r\000n\000s\000\040\000a\000n\000d\000\040\000S\000t\000y\000l\000e\000s}{section.5.2}% 36
\BOOKMARK [1][-]{section.5.3}{\376\377\000M\000o\000d\000u\000l\000e\000-\000L\000e\000v\000e\000l\000\040\000D\000e\000s\000i\000g\000n}{chapter.5}% 37
\BOOKMARK [2][-]{subsection.5.3.1}{\376\377\000M\000o\000d\000u\000l\000e\000\040\000D\000e\000c\000o\000m\000p\000o\000s\000i\000t\000i\000o\000n}{section.5.3}% 38
\BOOKMARK [2][-]{subsection.5.3.2}{\376\377\000M\000o\000d\000u\000l\000e\000\040\000S\000p\000e\000c\000i\000f\000i\000c\000a\000t\000i\000o\000n\000s}{section.5.3}% 39
\BOOKMARK [1][-]{section.5.4}{\376\377\000I\000n\000t\000e\000r\000f\000a\000c\000e\000\040\000D\000e\000s\000i\000g\000n}{chapter.5}% 40
\BOOKMARK [2][-]{subsection.5.4.1}{\376\377\000U\000s\000e\000r\000\040\000I\000n\000t\000e\000r\000f\000a\000c\000e}{section.5.4}% 41
\BOOKMARK [2][-]{subsection.5.4.2}{\376\377\000S\000o\000f\000t\000w\000a\000r\000e\000\040\000I\000n\000t\000e\000r\000f\000a\000c\000e\000s}{section.5.4}% 42
\BOOKMARK [1][-]{section.5.5}{\376\377\000D\000a\000t\000a\000\040\000D\000e\000s\000i\000g\000n}{chapter.5}% 43
\BOOKMARK [2][-]{subsection.5.5.1}{\376\377\000D\000a\000t\000a\000\040\000M\000o\000d\000e\000l\000s}{section.5.5}% 44
\BOOKMARK [2][-]{subsection.5.5.2}{\376\377\000D\000a\000t\000a\000b\000a\000s\000e\000\040\000S\000c\000h\000e\000m\000a}{section.5.5}% 45
\BOOKMARK [2][-]{subsection.5.5.3}{\376\377\000D\000a\000t\000a\000\040\000D\000i\000c\000t\000i\000o\000n\000a\000r\000y}{section.5.5}% 46
\BOOKMARK [1][-]{section.5.6}{\376\377\000S\000t\000a\000n\000d\000a\000r\000d\000s\000\040\000a\000n\000d\000\040\000C\000o\000m\000p\000l\000i\000a\000n\000c\000e\000\040\000i\000n\000\040\000D\000e\000s\000i\000g\000n}{chapter.5}% 47
\BOOKMARK [0][-]{chapter.6}{\376\377\000M\000e\000t\000h\000o\000d\000o\000l\000o\000g\000y}{}% 48
\BOOKMARK [1][-]{section.6.1}{\376\377\000C\000o\000m\000p\000o\000n\000e\000n\000t\000\040\000B\000r\000e\000a\000k\000d\000o\000w\000n}{chapter.6}% 49
\BOOKMARK [2][-]{subsection.6.1.1}{\376\377\000I\000n\000p\000u\000t\000\040\000P\000i\000p\000e\000l\000i\000n\000e}{section.6.1}% 50
\BOOKMARK [2][-]{subsection.6.1.2}{\376\377\000S\000e\000g\000m\000e\000n\000t\000a\000t\000i\000o\000n\000\040\000E\000n\000g\000i\000n\000e}{section.6.1}% 51
\BOOKMARK [2][-]{subsection.6.1.3}{\376\377\000T\000S\000S\000\040\000E\000n\000g\000i\000n\000e}{section.6.1}% 52
\BOOKMARK [1][-]{section.6.2}{\376\377\000T\000e\000s\000t\000i\000n\000g\000\040\000a\000n\000d\000\040\000R\000e\000s\000u\000l\000t\000s}{chapter.6}% 53
\BOOKMARK [0][-]{chapter.7}{\376\377\000R\000e\000s\000u\000l\000t\000s\000\040\000a\000n\000d\000\040\000C\000o\000n\000c\000l\000u\000s\000i\000o\000n\000s}{}% 54
\BOOKMARK [0][-]{chapter.8}{\376\377\000F\000u\000r\000t\000h\000e\000r\000\040\000D\000i\000s\000c\000u\000s\000s\000i\000o\000n\000s\000\040\000a\000n\000d\000\040\000R\000e\000s\000e\000a\000r\000c\000h\000\040\000G\000a\000p\000s}{}% 55
\BOOKMARK [0][-]{appendix.A}{\376\377\000A\000p\000p\000e\000n\000d\000i\000x}{}% 56
\BOOKMARK [1][-]{section.A.1}{\376\377\000F\000u\000r\000t\000h\000e\000r\000\040\000R\000e\000a\000d\000i\000n\000g}{appendix.A}% 57
\BOOKMARK [1][-]{section.A.2}{\376\377\000S\000o\000u\000r\000c\000e\000\040\000C\000o\000d\000e}{appendix.A}% 58
\BOOKMARK [1][-]{section.A.3}{\376\377\000F\000i\000l\000e\000\040\000S\000t\000r\000u\000c\000t\000u\000r\000e}{appendix.A}% 59
\BOOKMARK [1][-]{section.A.4}{\376\377\000A\000d\000d\000i\000t\000i\000o\000n\000a\000l\000\040\000D\000o\000c\000u\000m\000e\000n\000t\000a\000t\000i\000o\000n}{appendix.A}% 60
